{"C:\\Users\\Tejas Kumar\\Desktop\\Folders\\Priyanshu\\unolo-assignment-FOR-CANDIDATES\\unolo-assignment-FOR-CANDIDATES\\starter-code\\backend\\middleware\\auth.js": {"path":"C:\\Users\\Tejas Kumar\\Desktop\\Folders\\Priyanshu\\unolo-assignment-FOR-CANDIDATES\\unolo-assignment-FOR-CANDIDATES\\starter-code\\backend\\middleware\\auth.js","statementMap":{"0":{"start":{"line":1,"column":12},"end":{"line":1,"column":35}},"1":{"start":{"line":3,"column":19},"end":{"line":3,"column":65}},"2":{"start":{"line":5,"column":26},"end":{"line":20,"column":1}},"3":{"start":{"line":6,"column":23},"end":{"line":6,"column":51}},"4":{"start":{"line":7,"column":18},"end":{"line":7,"column":56}},"5":{"start":{"line":9,"column":4},"end":{"line":11,"column":5}},"6":{"start":{"line":10,"column":8},"end":{"line":10,"column":90}},"7":{"start":{"line":13,"column":4},"end":{"line":19,"column":7}},"8":{"start":{"line":14,"column":8},"end":{"line":16,"column":9}},"9":{"start":{"line":15,"column":12},"end":{"line":15,"column":97}},"10":{"start":{"line":17,"column":8},"end":{"line":17,"column":24}},"11":{"start":{"line":18,"column":8},"end":{"line":18,"column":15}},"12":{"start":{"line":22,"column":23},"end":{"line":27,"column":1}},"13":{"start":{"line":23,"column":4},"end":{"line":25,"column":5}},"14":{"start":{"line":24,"column":8},"end":{"line":24,"column":92}},"15":{"start":{"line":26,"column":4},"end":{"line":26,"column":11}},"16":{"start":{"line":29,"column":0},"end":{"line":29,"column":55}}},"fnMap":{"0":{"name":"(anonymous_0)","decl":{"start":{"line":5,"column":26},"end":{"line":5,"column":27}},"loc":{"start":{"line":5,"column":46},"end":{"line":20,"column":1}},"line":5},"1":{"name":"(anonymous_1)","decl":{"start":{"line":13,"column":34},"end":{"line":13,"column":35}},"loc":{"start":{"line":13,"column":49},"end":{"line":19,"column":5}},"line":13},"2":{"name":"(anonymous_2)","decl":{"start":{"line":22,"column":23},"end":{"line":22,"column":24}},"loc":{"start":{"line":22,"column":43},"end":{"line":27,"column":1}},"line":22}},"branchMap":{"0":{"loc":{"start":{"line":3,"column":19},"end":{"line":3,"column":65}},"type":"binary-expr","locations":[{"start":{"line":3,"column":19},"end":{"line":3,"column":41}},{"start":{"line":3,"column":45},"end":{"line":3,"column":65}}],"line":3},"1":{"loc":{"start":{"line":7,"column":18},"end":{"line":7,"column":56}},"type":"binary-expr","locations":[{"start":{"line":7,"column":18},"end":{"line":7,"column":28}},{"start":{"line":7,"column":32},"end":{"line":7,"column":56}}],"line":7},"2":{"loc":{"start":{"line":9,"column":4},"end":{"line":11,"column":5}},"type":"if","locations":[{"start":{"line":9,"column":4},"end":{"line":11,"column":5}},{"start":{},"end":{}}],"line":9},"3":{"loc":{"start":{"line":14,"column":8},"end":{"line":16,"column":9}},"type":"if","locations":[{"start":{"line":14,"column":8},"end":{"line":16,"column":9}},{"start":{},"end":{}}],"line":14},"4":{"loc":{"start":{"line":23,"column":4},"end":{"line":25,"column":5}},"type":"if","locations":[{"start":{"line":23,"column":4},"end":{"line":25,"column":5}},{"start":{},"end":{}}],"line":23}},"s":{"0":1,"1":1,"2":1,"3":17,"4":17,"5":17,"6":1,"7":16,"8":16,"9":0,"10":16,"11":16,"12":1,"13":16,"14":1,"15":15,"16":1},"f":{"0":17,"1":16,"2":16},"b":{"0":[1,1],"1":[17,16],"2":[1,16],"3":[0,16],"4":[1,15]},"_coverageSchema":"1a1c01bbd47fc00a2c39e90264f33305004495a9","hash":"9d4293916200b946995bf774c09913765d524413"}
,"C:\\Users\\Tejas Kumar\\Desktop\\Folders\\Priyanshu\\unolo-assignment-FOR-CANDIDATES\\unolo-assignment-FOR-CANDIDATES\\starter-code\\backend\\routes\\auth.js": {"path":"C:\\Users\\Tejas Kumar\\Desktop\\Folders\\Priyanshu\\unolo-assignment-FOR-CANDIDATES\\unolo-assignment-FOR-CANDIDATES\\starter-code\\backend\\routes\\auth.js","statementMap":{"0":{"start":{"line":1,"column":16},"end":{"line":1,"column":34}},"1":{"start":{"line":2,"column":15},"end":{"line":2,"column":32}},"2":{"start":{"line":3,"column":12},"end":{"line":3,"column":35}},"3":{"start":{"line":4,"column":13},"end":{"line":4,"column":42}},"4":{"start":{"line":6,"column":15},"end":{"line":6,"column":31}},"5":{"start":{"line":9,"column":0},"end":{"line":55,"column":3}},"6":{"start":{"line":10,"column":4},"end":{"line":54,"column":5}},"7":{"start":{"line":11,"column":36},"end":{"line":11,"column":44}},"8":{"start":{"line":13,"column":8},"end":{"line":15,"column":9}},"9":{"start":{"line":14,"column":12},"end":{"line":14,"column":100}},"10":{"start":{"line":17,"column":24},"end":{"line":20,"column":9}},"11":{"start":{"line":22,"column":8},"end":{"line":24,"column":9}},"12":{"start":{"line":23,"column":12},"end":{"line":23,"column":92}},"13":{"start":{"line":26,"column":21},"end":{"line":26,"column":29}},"14":{"start":{"line":28,"column":32},"end":{"line":28,"column":77}},"15":{"start":{"line":30,"column":8},"end":{"line":32,"column":9}},"16":{"start":{"line":31,"column":12},"end":{"line":31,"column":92}},"17":{"start":{"line":34,"column":22},"end":{"line":38,"column":9}},"18":{"start":{"line":40,"column":8},"end":{"line":51,"column":11}},"19":{"start":{"line":53,"column":8},"end":{"line":53,"column":74}},"20":{"start":{"line":58,"column":0},"end":{"line":81,"column":3}},"21":{"start":{"line":59,"column":23},"end":{"line":59,"column":51}},"22":{"start":{"line":60,"column":18},"end":{"line":60,"column":56}},"23":{"start":{"line":62,"column":4},"end":{"line":64,"column":5}},"24":{"start":{"line":63,"column":8},"end":{"line":63,"column":86}},"25":{"start":{"line":66,"column":4},"end":{"line":80,"column":5}},"26":{"start":{"line":67,"column":24},"end":{"line":67,"column":65}},"27":{"start":{"line":68,"column":24},"end":{"line":71,"column":9}},"28":{"start":{"line":73,"column":8},"end":{"line":75,"column":9}},"29":{"start":{"line":74,"column":12},"end":{"line":74,"column":87}},"30":{"start":{"line":77,"column":8},"end":{"line":77,"column":52}},"31":{"start":{"line":79,"column":8},"end":{"line":79,"column":75}},"32":{"start":{"line":83,"column":0},"end":{"line":83,"column":24}}},"fnMap":{"0":{"name":"(anonymous_0)","decl":{"start":{"line":9,"column":22},"end":{"line":9,"column":23}},"loc":{"start":{"line":9,"column":42},"end":{"line":55,"column":1}},"line":9},"1":{"name":"(anonymous_1)","decl":{"start":{"line":58,"column":18},"end":{"line":58,"column":19}},"loc":{"start":{"line":58,"column":38},"end":{"line":81,"column":1}},"line":58}},"branchMap":{"0":{"loc":{"start":{"line":13,"column":8},"end":{"line":15,"column":9}},"type":"if","locations":[{"start":{"line":13,"column":8},"end":{"line":15,"column":9}},{"start":{},"end":{}}],"line":13},"1":{"loc":{"start":{"line":13,"column":12},"end":{"line":13,"column":31}},"type":"binary-expr","locations":[{"start":{"line":13,"column":12},"end":{"line":13,"column":18}},{"start":{"line":13,"column":22},"end":{"line":13,"column":31}}],"line":13},"2":{"loc":{"start":{"line":22,"column":8},"end":{"line":24,"column":9}},"type":"if","locations":[{"start":{"line":22,"column":8},"end":{"line":24,"column":9}},{"start":{},"end":{}}],"line":22},"3":{"loc":{"start":{"line":30,"column":8},"end":{"line":32,"column":9}},"type":"if","locations":[{"start":{"line":30,"column":8},"end":{"line":32,"column":9}},{"start":{},"end":{}}],"line":30},"4":{"loc":{"start":{"line":60,"column":18},"end":{"line":60,"column":56}},"type":"binary-expr","locations":[{"start":{"line":60,"column":18},"end":{"line":60,"column":28}},{"start":{"line":60,"column":32},"end":{"line":60,"column":56}}],"line":60},"5":{"loc":{"start":{"line":62,"column":4},"end":{"line":64,"column":5}},"type":"if","locations":[{"start":{"line":62,"column":4},"end":{"line":64,"column":5}},{"start":{},"end":{}}],"line":62},"6":{"loc":{"start":{"line":73,"column":8},"end":{"line":75,"column":9}},"type":"if","locations":[{"start":{"line":73,"column":8},"end":{"line":75,"column":9}},{"start":{},"end":{}}],"line":73}},"s":{"0":1,"1":1,"2":1,"3":1,"4":1,"5":1,"6":0,"7":0,"8":0,"9":0,"10":0,"11":0,"12":0,"13":0,"14":0,"15":0,"16":0,"17":0,"18":0,"19":0,"20":1,"21":0,"22":0,"23":0,"24":0,"25":0,"26":0,"27":0,"28":0,"29":0,"30":0,"31":0,"32":1},"f":{"0":0,"1":0},"b":{"0":[0,0],"1":[0,0],"2":[0,0],"3":[0,0],"4":[0,0],"5":[0,0],"6":[0,0]},"_coverageSchema":"1a1c01bbd47fc00a2c39e90264f33305004495a9","hash":"e3651f17f9cdb3396537fbf3377151370d40c7ac"}
,"C:\\Users\\Tejas Kumar\\Desktop\\Folders\\Priyanshu\\unolo-assignment-FOR-CANDIDATES\\unolo-assignment-FOR-CANDIDATES\\starter-code\\backend\\routes\\checkin.js": {"path":"C:\\Users\\Tejas Kumar\\Desktop\\Folders\\Priyanshu\\unolo-assignment-FOR-CANDIDATES\\unolo-assignment-FOR-CANDIDATES\\starter-code\\backend\\routes\\checkin.js","statementMap":{"0":{"start":{"line":1,"column":16},"end":{"line":1,"column":34}},"1":{"start":{"line":2,"column":13},"end":{"line":2,"column":42}},"2":{"start":{"line":3,"column":30},"end":{"line":3,"column":59}},"3":{"start":{"line":5,"column":15},"end":{"line":5,"column":31}},"4":{"start":{"line":9,"column":14},"end":{"line":9,"column":18}},"5":{"start":{"line":10,"column":17},"end":{"line":10,"column":46}},"6":{"start":{"line":11,"column":17},"end":{"line":11,"column":46}},"7":{"start":{"line":13,"column":8},"end":{"line":15,"column":47}},"8":{"start":{"line":16,"column":14},"end":{"line":16,"column":60}},"9":{"start":{"line":17,"column":4},"end":{"line":17,"column":17}},"10":{"start":{"line":21,"column":0},"end":{"line":34,"column":3}},"11":{"start":{"line":22,"column":4},"end":{"line":33,"column":5}},"12":{"start":{"line":23,"column":26},"end":{"line":28,"column":9}},"13":{"start":{"line":30,"column":8},"end":{"line":30,"column":51}},"14":{"start":{"line":32,"column":8},"end":{"line":32,"column":85}},"15":{"start":{"line":37,"column":0},"end":{"line":103,"column":3}},"16":{"start":{"line":38,"column":4},"end":{"line":102,"column":5}},"17":{"start":{"line":39,"column":58},"end":{"line":39,"column":66}},"18":{"start":{"line":41,"column":8},"end":{"line":43,"column":9}},"19":{"start":{"line":42,"column":12},"end":{"line":42,"column":94}},"20":{"start":{"line":46,"column":30},"end":{"line":49,"column":9}},"21":{"start":{"line":51,"column":8},"end":{"line":53,"column":9}},"22":{"start":{"line":52,"column":12},"end":{"line":52,"column":108}},"23":{"start":{"line":56,"column":33},"end":{"line":59,"column":9}},"24":{"start":{"line":61,"column":8},"end":{"line":66,"column":9}},"25":{"start":{"line":62,"column":12},"end":{"line":65,"column":15}},"26":{"start":{"line":69,"column":26},"end":{"line":72,"column":9}},"27":{"start":{"line":74,"column":23},"end":{"line":74,"column":27}},"28":{"start":{"line":75,"column":8},"end":{"line":84,"column":9}},"29":{"start":{"line":76,"column":12},"end":{"line":81,"column":14}},"30":{"start":{"line":83,"column":12},"end":{"line":83,"column":56}},"31":{"start":{"line":86,"column":25},"end":{"line":90,"column":9}},"32":{"start":{"line":92,"column":8},"end":{"line":99,"column":11}},"33":{"start":{"line":101,"column":8},"end":{"line":101,"column":77}},"34":{"start":{"line":106,"column":0},"end":{"line":126,"column":3}},"35":{"start":{"line":107,"column":4},"end":{"line":125,"column":5}},"36":{"start":{"line":108,"column":33},"end":{"line":111,"column":9}},"37":{"start":{"line":113,"column":8},"end":{"line":115,"column":9}},"38":{"start":{"line":114,"column":12},"end":{"line":114,"column":97}},"39":{"start":{"line":117,"column":8},"end":{"line":120,"column":10}},"40":{"start":{"line":122,"column":8},"end":{"line":122,"column":73}},"41":{"start":{"line":124,"column":8},"end":{"line":124,"column":77}},"42":{"start":{"line":129,"column":0},"end":{"line":158,"column":3}},"43":{"start":{"line":130,"column":4},"end":{"line":157,"column":5}},"44":{"start":{"line":131,"column":41},"end":{"line":131,"column":50}},"45":{"start":{"line":133,"column":20},"end":{"line":138,"column":9}},"46":{"start":{"line":139,"column":23},"end":{"line":139,"column":36}},"47":{"start":{"line":141,"column":8},"end":{"line":144,"column":9}},"48":{"start":{"line":142,"column":12},"end":{"line":142,"column":55}},"49":{"start":{"line":143,"column":12},"end":{"line":143,"column":36}},"50":{"start":{"line":145,"column":8},"end":{"line":148,"column":9}},"51":{"start":{"line":146,"column":12},"end":{"line":146,"column":55}},"52":{"start":{"line":147,"column":12},"end":{"line":147,"column":34}},"53":{"start":{"line":150,"column":8},"end":{"line":150,"column":50}},"54":{"start":{"line":152,"column":27},"end":{"line":152,"column":60}},"55":{"start":{"line":154,"column":8},"end":{"line":154,"column":52}},"56":{"start":{"line":156,"column":8},"end":{"line":156,"column":85}},"57":{"start":{"line":161,"column":0},"end":{"line":180,"column":3}},"58":{"start":{"line":162,"column":4},"end":{"line":179,"column":5}},"59":{"start":{"line":163,"column":27},"end":{"line":170,"column":9}},"60":{"start":{"line":172,"column":8},"end":{"line":175,"column":11}},"61":{"start":{"line":177,"column":8},"end":{"line":177,"column":54}},"62":{"start":{"line":178,"column":8},"end":{"line":178,"column":93}},"63":{"start":{"line":182,"column":0},"end":{"line":182,"column":24}}},"fnMap":{"0":{"name":"calculateDistance","decl":{"start":{"line":8,"column":9},"end":{"line":8,"column":26}},"loc":{"start":{"line":8,"column":51},"end":{"line":18,"column":1}},"line":8},"1":{"name":"(anonymous_1)","decl":{"start":{"line":21,"column":42},"end":{"line":21,"column":43}},"loc":{"start":{"line":21,"column":62},"end":{"line":34,"column":1}},"line":21},"2":{"name":"(anonymous_2)","decl":{"start":{"line":37,"column":36},"end":{"line":37,"column":37}},"loc":{"start":{"line":37,"column":56},"end":{"line":103,"column":1}},"line":37},"3":{"name":"(anonymous_3)","decl":{"start":{"line":106,"column":43},"end":{"line":106,"column":44}},"loc":{"start":{"line":106,"column":63},"end":{"line":126,"column":1}},"line":106},"4":{"name":"(anonymous_4)","decl":{"start":{"line":129,"column":42},"end":{"line":129,"column":43}},"loc":{"start":{"line":129,"column":62},"end":{"line":158,"column":1}},"line":129},"5":{"name":"(anonymous_5)","decl":{"start":{"line":161,"column":41},"end":{"line":161,"column":42}},"loc":{"start":{"line":161,"column":61},"end":{"line":180,"column":1}},"line":161}},"branchMap":{"0":{"loc":{"start":{"line":41,"column":8},"end":{"line":43,"column":9}},"type":"if","locations":[{"start":{"line":41,"column":8},"end":{"line":43,"column":9}},{"start":{},"end":{}}],"line":41},"1":{"loc":{"start":{"line":51,"column":8},"end":{"line":53,"column":9}},"type":"if","locations":[{"start":{"line":51,"column":8},"end":{"line":53,"column":9}},{"start":{},"end":{}}],"line":51},"2":{"loc":{"start":{"line":61,"column":8},"end":{"line":66,"column":9}},"type":"if","locations":[{"start":{"line":61,"column":8},"end":{"line":66,"column":9}},{"start":{},"end":{}}],"line":61},"3":{"loc":{"start":{"line":75,"column":8},"end":{"line":84,"column":9}},"type":"if","locations":[{"start":{"line":75,"column":8},"end":{"line":84,"column":9}},{"start":{},"end":{}}],"line":75},"4":{"loc":{"start":{"line":75,"column":12},"end":{"line":75,"column":102}},"type":"binary-expr","locations":[{"start":{"line":75,"column":12},"end":{"line":75,"column":30}},{"start":{"line":75,"column":34},"end":{"line":75,"column":42}},{"start":{"line":75,"column":46},"end":{"line":75,"column":55}},{"start":{"line":75,"column":59},"end":{"line":75,"column":78}},{"start":{"line":75,"column":82},"end":{"line":75,"column":102}}],"line":75},"5":{"loc":{"start":{"line":89,"column":68},"end":{"line":89,"column":81}},"type":"binary-expr","locations":[{"start":{"line":89,"column":68},"end":{"line":89,"column":73}},{"start":{"line":89,"column":77},"end":{"line":89,"column":81}}],"line":89},"6":{"loc":{"start":{"line":113,"column":8},"end":{"line":115,"column":9}},"type":"if","locations":[{"start":{"line":113,"column":8},"end":{"line":115,"column":9}},{"start":{},"end":{}}],"line":113},"7":{"loc":{"start":{"line":141,"column":8},"end":{"line":144,"column":9}},"type":"if","locations":[{"start":{"line":141,"column":8},"end":{"line":144,"column":9}},{"start":{},"end":{}}],"line":141},"8":{"loc":{"start":{"line":145,"column":8},"end":{"line":148,"column":9}},"type":"if","locations":[{"start":{"line":145,"column":8},"end":{"line":148,"column":9}},{"start":{},"end":{}}],"line":145},"9":{"loc":{"start":{"line":174,"column":18},"end":{"line":174,"column":58}},"type":"cond-expr","locations":[{"start":{"line":174,"column":40},"end":{"line":174,"column":51}},{"start":{"line":174,"column":54},"end":{"line":174,"column":58}}],"line":174}},"s":{"0":1,"1":1,"2":1,"3":1,"4":0,"5":0,"6":0,"7":0,"8":0,"9":0,"10":1,"11":0,"12":0,"13":0,"14":0,"15":1,"16":0,"17":0,"18":0,"19":0,"20":0,"21":0,"22":0,"23":0,"24":0,"25":0,"26":0,"27":0,"28":0,"29":0,"30":0,"31":0,"32":0,"33":0,"34":1,"35":0,"36":0,"37":0,"38":0,"39":0,"40":0,"41":0,"42":1,"43":0,"44":0,"45":0,"46":0,"47":0,"48":0,"49":0,"50":0,"51":0,"52":0,"53":0,"54":0,"55":0,"56":0,"57":1,"58":0,"59":0,"60":0,"61":0,"62":0,"63":1},"f":{"0":0,"1":0,"2":0,"3":0,"4":0,"5":0},"b":{"0":[0,0],"1":[0,0],"2":[0,0],"3":[0,0],"4":[0,0,0,0,0],"5":[0,0],"6":[0,0],"7":[0,0],"8":[0,0],"9":[0,0]},"_coverageSchema":"1a1c01bbd47fc00a2c39e90264f33305004495a9","hash":"bdf9f80c37c40e3668c572239de4973b7d6247b1"}
,"C:\\Users\\Tejas Kumar\\Desktop\\Folders\\Priyanshu\\unolo-assignment-FOR-CANDIDATES\\unolo-assignment-FOR-CANDIDATES\\starter-code\\backend\\routes\\dashboard.js": {"path":"C:\\Users\\Tejas Kumar\\Desktop\\Folders\\Priyanshu\\unolo-assignment-FOR-CANDIDATES\\unolo-assignment-FOR-CANDIDATES\\starter-code\\backend\\routes\\dashboard.js","statementMap":{"0":{"start":{"line":1,"column":16},"end":{"line":1,"column":34}},"1":{"start":{"line":2,"column":13},"end":{"line":2,"column":42}},"2":{"start":{"line":3,"column":46},"end":{"line":3,"column":75}},"3":{"start":{"line":5,"column":15},"end":{"line":5,"column":31}},"4":{"start":{"line":8,"column":0},"end":{"line":50,"column":3}},"5":{"start":{"line":9,"column":4},"end":{"line":49,"column":5}},"6":{"start":{"line":10,"column":22},"end":{"line":10,"column":60}},"7":{"start":{"line":13,"column":30},"end":{"line":16,"column":9}},"8":{"start":{"line":19,"column":32},"end":{"line":27,"column":9}},"9":{"start":{"line":30,"column":30},"end":{"line":35,"column":9}},"10":{"start":{"line":37,"column":8},"end":{"line":45,"column":11}},"11":{"start":{"line":47,"column":8},"end":{"line":47,"column":55}},"12":{"start":{"line":48,"column":8},"end":{"line":48,"column":93}},"13":{"start":{"line":53,"column":0},"end":{"line":96,"column":3}},"14":{"start":{"line":54,"column":4},"end":{"line":95,"column":5}},"15":{"start":{"line":55,"column":22},"end":{"line":55,"column":60}},"16":{"start":{"line":58,"column":32},"end":{"line":65,"column":9}},"17":{"start":{"line":68,"column":26},"end":{"line":73,"column":9}},"18":{"start":{"line":76,"column":28},"end":{"line":82,"column":9}},"19":{"start":{"line":84,"column":8},"end":{"line":91,"column":11}},"20":{"start":{"line":93,"column":8},"end":{"line":93,"column":58}},"21":{"start":{"line":94,"column":8},"end":{"line":94,"column":87}},"22":{"start":{"line":98,"column":0},"end":{"line":98,"column":24}}},"fnMap":{"0":{"name":"(anonymous_0)","decl":{"start":{"line":8,"column":56},"end":{"line":8,"column":57}},"loc":{"start":{"line":8,"column":76},"end":{"line":50,"column":1}},"line":8},"1":{"name":"(anonymous_1)","decl":{"start":{"line":53,"column":43},"end":{"line":53,"column":44}},"loc":{"start":{"line":53,"column":63},"end":{"line":96,"column":1}},"line":53}},"branchMap":{},"s":{"0":1,"1":1,"2":1,"3":1,"4":1,"5":0,"6":0,"7":0,"8":0,"9":0,"10":0,"11":0,"12":0,"13":1,"14":0,"15":0,"16":0,"17":0,"18":0,"19":0,"20":0,"21":0,"22":1},"f":{"0":0,"1":0},"b":{},"_coverageSchema":"1a1c01bbd47fc00a2c39e90264f33305004495a9","hash":"f691e4f12408ff402a63f852f01b4380a3861336"}
,"C:\\Users\\Tejas Kumar\\Desktop\\Folders\\Priyanshu\\unolo-assignment-FOR-CANDIDATES\\unolo-assignment-FOR-CANDIDATES\\starter-code\\backend\\routes\\reports.js": {"path":"C:\\Users\\Tejas Kumar\\Desktop\\Folders\\Priyanshu\\unolo-assignment-FOR-CANDIDATES\\unolo-assignment-FOR-CANDIDATES\\starter-code\\backend\\routes\\reports.js","statementMap":{"0":{"start":{"line":1,"column":16},"end":{"line":1,"column":34}},"1":{"start":{"line":2,"column":13},"end":{"line":2,"column":42}},"2":{"start":{"line":3,"column":46},"end":{"line":3,"column":75}},"3":{"start":{"line":5,"column":15},"end":{"line":5,"column":31}},"4":{"start":{"line":9,"column":0},"end":{"line":114,"column":3}},"5":{"start":{"line":10,"column":4},"end":{"line":113,"column":5}},"6":{"start":{"line":11,"column":38},"end":{"line":11,"column":47}},"7":{"start":{"line":14,"column":8},"end":{"line":19,"column":9}},"8":{"start":{"line":15,"column":12},"end":{"line":18,"column":15}},"9":{"start":{"line":22,"column":26},"end":{"line":22,"column":47}},"10":{"start":{"line":23,"column":8},"end":{"line":28,"column":9}},"11":{"start":{"line":24,"column":12},"end":{"line":27,"column":15}},"12":{"start":{"line":31,"column":28},"end":{"line":50,"column":9}},"13":{"start":{"line":52,"column":23},"end":{"line":52,"column":42}},"14":{"start":{"line":55,"column":8},"end":{"line":58,"column":9}},"15":{"start":{"line":56,"column":12},"end":{"line":56,"column":45}},"16":{"start":{"line":57,"column":12},"end":{"line":57,"column":37}},"17":{"start":{"line":60,"column":8},"end":{"line":60,"column":66}},"18":{"start":{"line":62,"column":36},"end":{"line":62,"column":77}},"19":{"start":{"line":65,"column":28},"end":{"line":70,"column":9}},"20":{"start":{"line":72,"column":30},"end":{"line":72,"column":39}},"21":{"start":{"line":74,"column":8},"end":{"line":84,"column":11}},"22":{"start":{"line":75,"column":12},"end":{"line":75,"column":61}},"23":{"start":{"line":76,"column":12},"end":{"line":78,"column":13}},"24":{"start":{"line":77,"column":16},"end":{"line":77,"column":56}},"25":{"start":{"line":79,"column":12},"end":{"line":79,"column":70}},"26":{"start":{"line":81,"column":12},"end":{"line":83,"column":13}},"27":{"start":{"line":82,"column":16},"end":{"line":82,"column":92}},"28":{"start":{"line":82,"column":65},"end":{"line":82,"column":90}},"29":{"start":{"line":86,"column":8},"end":{"line":86,"column":63}},"30":{"start":{"line":87,"column":8},"end":{"line":87,"column":96}},"31":{"start":{"line":90,"column":35},"end":{"line":97,"column":11}},"32":{"start":{"line":90,"column":65},"end":{"line":97,"column":9}},"33":{"start":{"line":99,"column":8},"end":{"line":106,"column":11}},"34":{"start":{"line":109,"column":8},"end":{"line":112,"column":11}},"35":{"start":{"line":116,"column":0},"end":{"line":116,"column":24}}},"fnMap":{"0":{"name":"(anonymous_0)","decl":{"start":{"line":9,"column":64},"end":{"line":9,"column":65}},"loc":{"start":{"line":9,"column":84},"end":{"line":114,"column":1}},"line":9},"1":{"name":"(anonymous_1)","decl":{"start":{"line":74,"column":34},"end":{"line":74,"column":35}},"loc":{"start":{"line":74,"column":41},"end":{"line":84,"column":9}},"line":74},"2":{"name":"(anonymous_2)","decl":{"start":{"line":82,"column":55},"end":{"line":82,"column":56}},"loc":{"start":{"line":82,"column":65},"end":{"line":82,"column":90}},"line":82},"3":{"name":"(anonymous_3)","decl":{"start":{"line":90,"column":57},"end":{"line":90,"column":58}},"loc":{"start":{"line":90,"column":65},"end":{"line":97,"column":9}},"line":90}},"branchMap":{"0":{"loc":{"start":{"line":14,"column":8},"end":{"line":19,"column":9}},"type":"if","locations":[{"start":{"line":14,"column":8},"end":{"line":19,"column":9}},{"start":{},"end":{}}],"line":14},"1":{"loc":{"start":{"line":23,"column":8},"end":{"line":28,"column":9}},"type":"if","locations":[{"start":{"line":23,"column":8},"end":{"line":28,"column":9}},{"start":{},"end":{}}],"line":23},"2":{"loc":{"start":{"line":55,"column":8},"end":{"line":58,"column":9}},"type":"if","locations":[{"start":{"line":55,"column":8},"end":{"line":58,"column":9}},{"start":{},"end":{}}],"line":55},"3":{"loc":{"start":{"line":76,"column":12},"end":{"line":78,"column":13}},"type":"if","locations":[{"start":{"line":76,"column":12},"end":{"line":78,"column":13}},{"start":{},"end":{}}],"line":76},"4":{"loc":{"start":{"line":79,"column":47},"end":{"line":79,"column":69}},"type":"binary-expr","locations":[{"start":{"line":79,"column":47},"end":{"line":79,"column":64}},{"start":{"line":79,"column":68},"end":{"line":79,"column":69}}],"line":79},"5":{"loc":{"start":{"line":81,"column":12},"end":{"line":83,"column":13}},"type":"if","locations":[{"start":{"line":81,"column":12},"end":{"line":83,"column":13}},{"start":{},"end":{}}],"line":81},"6":{"loc":{"start":{"line":95,"column":39},"end":{"line":95,"column":61}},"type":"binary-expr","locations":[{"start":{"line":95,"column":39},"end":{"line":95,"column":56}},{"start":{"line":95,"column":60},"end":{"line":95,"column":61}}],"line":95},"7":{"loc":{"start":{"line":96,"column":29},"end":{"line":96,"column":86}},"type":"cond-expr","locations":[{"start":{"line":96,"column":51},"end":{"line":96,"column":81}},{"start":{"line":96,"column":84},"end":{"line":96,"column":86}}],"line":96}},"s":{"0":1,"1":1,"2":1,"3":1,"4":1,"5":15,"6":15,"7":15,"8":1,"9":14,"10":14,"11":2,"12":12,"13":12,"14":12,"15":2,"16":2,"17":12,"18":12,"19":0,"20":0,"21":0,"22":0,"23":0,"24":0,"25":0,"26":0,"27":0,"28":0,"29":0,"30":0,"31":0,"32":0,"33":0,"34":12,"35":1},"f":{"0":15,"1":0,"2":0,"3":0},"b":{"0":[1,14],"1":[2,12],"2":[2,10],"3":[0,0],"4":[0,0],"5":[0,0],"6":[0,0],"7":[0,0]},"_coverageSchema":"1a1c01bbd47fc00a2c39e90264f33305004495a9","hash":"d9cfa26ce3d6aeb145b5986ade2236714d1f0871"}
}
