TN:
SF:middleware\auth.js
FN:5,(anonymous_0)
FN:13,(anonymous_1)
FN:22,(anonymous_2)
FNF:3
FNH:3
FNDA:17,(anonymous_0)
FNDA:16,(anonymous_1)
FNDA:16,(anonymous_2)
DA:1,1
DA:3,1
DA:5,1
DA:6,17
DA:7,17
DA:9,17
DA:10,1
DA:13,16
DA:14,16
DA:15,0
DA:17,16
DA:18,16
DA:22,1
DA:23,16
DA:24,1
DA:26,15
DA:29,1
LF:17
LH:16
BRDA:3,0,0,1
BRDA:3,0,1,1
BRDA:7,1,0,17
BRDA:7,1,1,16
BRDA:9,2,0,1
BRDA:9,2,1,16
BRDA:14,3,0,0
BRDA:14,3,1,16
BRDA:23,4,0,1
BRDA:23,4,1,15
BRF:10
BRH:9
end_of_record
TN:
SF:routes\auth.js
FN:9,(anonymous_0)
FN:58,(anonymous_1)
FNF:2
FNH:0
FNDA:0,(anonymous_0)
FNDA:0,(anonymous_1)
DA:1,1
DA:2,1
DA:3,1
DA:4,1
DA:6,1
DA:9,1
DA:10,0
DA:11,0
DA:13,0
DA:14,0
DA:17,0
DA:22,0
DA:23,0
DA:26,0
DA:28,0
DA:30,0
DA:31,0
DA:34,0
DA:40,0
DA:53,0
DA:58,1
DA:59,0
DA:60,0
DA:62,0
DA:63,0
DA:66,0
DA:67,0
DA:68,0
DA:73,0
DA:74,0
DA:77,0
DA:79,0
DA:83,1
LF:33
LH:8
BRDA:13,0,0,0
BRDA:13,0,1,0
BRDA:13,1,0,0
BRDA:13,1,1,0
BRDA:22,2,0,0
BRDA:22,2,1,0
BRDA:30,3,0,0
BRDA:30,3,1,0
BRDA:60,4,0,0
BRDA:60,4,1,0
BRDA:62,5,0,0
BRDA:62,5,1,0
BRDA:73,6,0,0
BRDA:73,6,1,0
BRF:14
BRH:0
end_of_record
TN:
SF:routes\checkin.js
FN:8,calculateDistance
FN:21,(anonymous_1)
FN:37,(anonymous_2)
FN:106,(anonymous_3)
FN:129,(anonymous_4)
FN:161,(anonymous_5)
FNF:6
FNH:0
FNDA:0,calculateDistance
FNDA:0,(anonymous_1)
FNDA:0,(anonymous_2)
FNDA:0,(anonymous_3)
FNDA:0,(anonymous_4)
FNDA:0,(anonymous_5)
DA:1,1
DA:2,1
DA:3,1
DA:5,1
DA:9,0
DA:10,0
DA:11,0
DA:13,0
DA:16,0
DA:17,0
DA:21,1
DA:22,0
DA:23,0
DA:30,0
DA:32,0
DA:37,1
DA:38,0
DA:39,0
DA:41,0
DA:42,0
DA:46,0
DA:51,0
DA:52,0
DA:56,0
DA:61,0
DA:62,0
DA:69,0
DA:74,0
DA:75,0
DA:76,0
DA:83,0
DA:86,0
DA:92,0
DA:101,0
DA:106,1
DA:107,0
DA:108,0
DA:113,0
DA:114,0
DA:117,0
DA:122,0
DA:124,0
DA:129,1
DA:130,0
DA:131,0
DA:133,0
DA:139,0
DA:141,0
DA:142,0
DA:143,0
DA:145,0
DA:146,0
DA:147,0
DA:150,0
DA:152,0
DA:154,0
DA:156,0
DA:161,1
DA:162,0
DA:163,0
DA:172,0
DA:177,0
DA:178,0
DA:182,1
LF:64
LH:10
BRDA:41,0,0,0
BRDA:41,0,1,0
BRDA:51,1,0,0
BRDA:51,1,1,0
BRDA:61,2,0,0
BRDA:61,2,1,0
BRDA:75,3,0,0
BRDA:75,3,1,0
BRDA:75,4,0,0
BRDA:75,4,1,0
BRDA:75,4,2,0
BRDA:75,4,3,0
BRDA:75,4,4,0
BRDA:89,5,0,0
BRDA:89,5,1,0
BRDA:113,6,0,0
BRDA:113,6,1,0
BRDA:141,7,0,0
BRDA:141,7,1,0
BRDA:145,8,0,0
BRDA:145,8,1,0
BRDA:174,9,0,0
BRDA:174,9,1,0
BRF:23
BRH:0
end_of_record
TN:
SF:routes\dashboard.js
FN:8,(anonymous_0)
FN:53,(anonymous_1)
FNF:2
FNH:0
FNDA:0,(anonymous_0)
FNDA:0,(anonymous_1)
DA:1,1
DA:2,1
DA:3,1
DA:5,1
DA:8,1
DA:9,0
DA:10,0
DA:13,0
DA:19,0
DA:30,0
DA:37,0
DA:47,0
DA:48,0
DA:53,1
DA:54,0
DA:55,0
DA:58,0
DA:68,0
DA:76,0
DA:84,0
DA:93,0
DA:94,0
DA:98,1
LF:23
LH:7
BRF:0
BRH:0
end_of_record
TN:
SF:routes\reports.js
FN:9,(anonymous_0)
FN:74,(anonymous_1)
FN:82,(anonymous_2)
FN:90,(anonymous_3)
FNF:4
FNH:1
FNDA:15,(anonymous_0)
FNDA:0,(anonymous_1)
FNDA:0,(anonymous_2)
FNDA:0,(anonymous_3)
DA:1,1
DA:2,1
DA:3,1
DA:5,1
DA:9,1
DA:10,15
DA:11,15
DA:14,15
DA:15,1
DA:22,14
DA:23,14
DA:24,2
DA:31,12
DA:52,12
DA:55,12
DA:56,2
DA:57,2
DA:60,12
DA:62,12
DA:65,0
DA:72,0
DA:74,0
DA:75,0
DA:76,0
DA:77,0
DA:79,0
DA:81,0
DA:82,0
DA:86,0
DA:87,0
DA:90,0
DA:99,0
DA:109,12
DA:116,1
LF:34
LH:21
BRDA:14,0,0,1
BRDA:14,0,1,14
BRDA:23,1,0,2
BRDA:23,1,1,12
BRDA:55,2,0,2
BRDA:55,2,1,10
BRDA:76,3,0,0
BRDA:76,3,1,0
BRDA:79,4,0,0
BRDA:79,4,1,0
BRDA:81,5,0,0
BRDA:81,5,1,0
BRDA:95,6,0,0
BRDA:95,6,1,0
BRDA:96,7,0,0
BRDA:96,7,1,0
BRF:16
BRH:6
end_of_record
